<?xml version="1.0" encoding="UTF-8"?>
<!-- Generated by org.testng.reporters.JUnitReportReporter -->
<testsuite hostname="DESKTOP-4GSVHLM" failures="0" tests="3" name="learningselenium.Tests.SubmitOrderTest" time="67.271" errors="0" timestamp="2023-10-02T17:52:22 IST" skipped="0">
  <testcase classname="learningselenium.Tests.SubmitOrderTest" name="submitOrder" time="25.926"/>
  <testcase classname="learningselenium.Tests.SubmitOrderTest" name="submitOrder" time="21.304"/>
  <testcase classname="learningselenium.Tests.SubmitOrderTest" name="orderHistoryTest" time="20.041"/>
</testsuite> <!-- learningselenium.Tests.SubmitOrderTest -->
