<?xml version="1.0" encoding="UTF-8"?>
<!-- Generated by org.testng.reporters.JUnitReportReporter -->
<testsuite hostname="DESKTOP-4GSVHLM" failures="0" tests="3" name="learningselenium.Tests.SubmitOrderTest" time="48.174" errors="0" timestamp="2023-10-09T20:28:49 IST" skipped="0">
  <testcase classname="learningselenium.Tests.SubmitOrderTest" name="orderHistoryTest" time="15.313"/>
  <testcase classname="learningselenium.Tests.SubmitOrderTest" name="submitOrder" time="16.451"/>
  <testcase classname="learningselenium.Tests.SubmitOrderTest" name="submitOrder" time="16.410"/>
</testsuite> <!-- learningselenium.Tests.SubmitOrderTest -->
