<?xml version="1.0" encoding="UTF-8"?>
<!-- Generated by org.testng.reporters.JUnitReportReporter -->
<testsuite hostname="DESKTOP-4GSVHLM" failures="0" tests="2" name="learningselenium.Tests.ErrorValidationsTest" time="35.766" errors="0" timestamp="2023-10-09T20:28:49 IST" skipped="0">
  <testcase classname="learningselenium.Tests.ErrorValidationsTest" name="LoginErrorValidation" time="17.030"/>
  <testcase classname="learningselenium.Tests.ErrorValidationsTest" name="ProductErrorValidation" time="18.736"/>
</testsuite> <!-- learningselenium.Tests.ErrorValidationsTest -->
