<?xml version="1.0" encoding="UTF-8"?>
<!-- Generated by org.testng.reporters.JUnitReportReporter -->
<testsuite hostname="DESKTOP-4GSVHLM" failures="0" tests="2" name="learningselenium.Tests.ErrorValidations" time="25.609" errors="0" timestamp="2023-09-29T18:19:43 IST" skipped="0">
  <testcase classname="learningselenium.Tests.ErrorValidations" name="LoginErrorValidation" time="10.083"/>
  <testcase classname="learningselenium.Tests.ErrorValidations" name="ProductErrorValidation" time="15.526"/>
</testsuite> <!-- learningselenium.Tests.ErrorValidations -->
