<?xml version="1.0" encoding="UTF-8"?>
<!-- Generated by org.testng.reporters.JUnitReportReporter -->
<testsuite hostname="DESKTOP-4GSVHLM" failures="0" tests="2" name="learningselenium.Tests.ErrorValidationsTest" time="54.501" errors="0" timestamp="2023-10-11T18:49:00 IST" skipped="0">
  <testcase classname="learningselenium.Tests.ErrorValidationsTest" name="LoginErrorValidation" time="36.085"/>
  <testcase classname="learningselenium.Tests.ErrorValidationsTest" name="ProductErrorValidation" time="18.416"/>
</testsuite> <!-- learningselenium.Tests.ErrorValidationsTest -->
