<?xml version="1.0" encoding="UTF-8"?>
<!-- Generated by org.testng.reporters.JUnitReportReporter -->
<testsuite hostname="DESKTOP-4GSVHLM" failures="0" tests="3" name="learningselenium.Tests.SubmitOrderTest" time="67.636" errors="0" timestamp="2023-10-11T18:49:00 IST" skipped="0">
  <testcase classname="learningselenium.Tests.SubmitOrderTest" name="submitOrder" time="21.090"/>
  <testcase classname="learningselenium.Tests.SubmitOrderTest" name="submitOrder" time="33.130"/>
  <testcase classname="learningselenium.Tests.SubmitOrderTest" name="orderHistoryTest" time="13.416"/>
</testsuite> <!-- learningselenium.Tests.SubmitOrderTest -->
