<?xml version="1.0" encoding="UTF-8"?>
<!-- Generated by org.testng.reporters.JUnitReportReporter -->
<testsuite hostname="DESKTOP-4GSVHLM" failures="0" tests="2" name="learningselenium.Tests.ErrorValidationsTest" time="52.320" errors="0" timestamp="2023-10-02T17:52:22 IST" skipped="0">
  <testcase classname="learningselenium.Tests.ErrorValidationsTest" name="ProductErrorValidation" time="37.617"/>
  <testcase classname="learningselenium.Tests.ErrorValidationsTest" name="LoginErrorValidation" time="14.703"/>
</testsuite> <!-- learningselenium.Tests.ErrorValidationsTest -->
