<?xml version="1.0" encoding="UTF-8"?>
<!-- Generated by org.testng.reporters.JUnitReportReporter -->
<testsuite hostname="DESKTOP-4GSVHLM" failures="0" tests="1" name="cucumber.TestNGTestRunner" time="27.205" errors="0" timestamp="2023-10-13T14:56:01 IST" skipped="0">
  <testcase classname="cucumber.TestNGTestRunner" name="runScenario" time="27.205"/>
</testsuite> <!-- cucumber.TestNGTestRunner -->
